2023-03-15 16:42:01.331177 [info] : ========== Server init ==========
2023-03-15 16:42:01.331213 [info] : Port:80
2023-03-15 16:42:01.331221 [info] : Listen Mode: LT, Conn Mode: ET
2023-03-15 16:42:01.331227 [info] : OPT LINGER: 优雅关闭
2023-03-15 16:42:01.331233 [info] : actor Mode: Reactor
2023-03-15 16:42:01.331313 [info] : ========== Server start ==========
2023-03-15 16:42:15.128959 [info] : close fd 8
2023-03-15 16:42:16.125843 [info] : adjust timer once
2023-03-15 16:42:16.126877 [info] : request:HTTP/1.1 400 Bad Request

2023-03-15 16:42:16.126910 [info] : request:HTTP/1.1 400 Bad Request
Content-Length: 68

2023-03-15 16:42:16.126929 [info] : request:HTTP/1.1 400 Bad Request
Content-Length: 68
Content-Type:text/html

2023-03-15 16:42:16.126936 [info] : request:HTTP/1.1 400 Bad Request
Content-Length: 68
Content-Type:text/html
Connection: close

2023-03-15 16:42:16.126942 [info] : request:HTTP/1.1 400 Bad Request
Content-Length: 68
Content-Type:text/html
Connection: close


2023-03-15 16:42:16.126948 [info] : request:HTTP/1.1 400 Bad Request
Content-Length: 68
Content-Type:text/html
Connection: close

Your request has bad syntax or is inherently impossible to satisfy.

2023-03-15 16:47:59.527512 [info] : ========== Server init ==========
2023-03-15 16:47:59.527544 [info] : Port:80
2023-03-15 16:47:59.527550 [info] : Listen Mode: LT, Conn Mode: ET
2023-03-15 16:47:59.527555 [info] : OPT LINGER: 优雅关闭
2023-03-15 16:47:59.527559 [info] : actor Mode: Reactor
2023-03-15 16:47:59.527621 [info] : ========== Server start ==========
2023-03-15 16:48:12.453561 [info] : adjust timer once
2023-03-15 16:48:12.453806 [info] : oop!unknow header: Upgrade-Insecure-Requests: 1
2023-03-15 16:48:12.453838 [info] : oop!unknow header: User-Agent: Mozilla/5.0 (Windows NT 10.0; WOW64) AppleWebKit/537.36 (KHTML, like Gecko) Chrome/92.0.4515.131 Safari/537.36 SLBrowser/8.0.0.12022 SLBChan/103
2023-03-15 16:48:12.453848 [info] : oop!unknow header: Accept: text/html,application/xhtml+xml,application/xml;q=0.9,image/avif,image/webp,image/apng,*/*;q=0.8,application/signed-exchange;v=b3;q=0.9
2023-03-15 16:48:12.453854 [info] : oop!unknow header: Accept-Encoding: gzip, deflate
2023-03-15 16:48:12.453867 [info] : oop!unknow header: Accept-Language: zh-CN,zh;q=0.9
2023-03-15 16:48:12.453918 [info] : request:HTTP/1.1 200 OK

2023-03-15 16:48:12.453926 [info] : request:HTTP/1.1 200 OK
Content-Length: 392

2023-03-15 16:48:12.453932 [info] : request:HTTP/1.1 200 OK
Content-Length: 392
Content-Type:text/html

2023-03-15 16:48:12.453938 [info] : request:HTTP/1.1 200 OK
Content-Length: 392
Content-Type:text/html
Connection: keep-alive

2023-03-15 16:48:12.453945 [info] : request:HTTP/1.1 200 OK
Content-Length: 392
Content-Type:text/html
Connection: keep-alive


2023-03-15 16:49:39.818026 [info] : ========== Server init ==========
2023-03-15 16:49:39.818064 [info] : Port:80
2023-03-15 16:49:39.818073 [info] : Listen Mode: LT, Conn Mode: ET
2023-03-15 16:49:39.818080 [info] : OPT LINGER: 优雅关闭
2023-03-15 16:49:39.818086 [info] : actor Mode: Reactor
2023-03-15 16:49:39.818151 [info] : ========== Server start ==========
2023-03-15 16:49:43.367142 [info] : adjust timer once
2023-03-15 16:49:43.367278 [info] : oop!unknow header: Cache-Control: max-age=0
2023-03-15 16:49:43.367292 [info] : oop!unknow header: Upgrade-Insecure-Requests: 1
2023-03-15 16:49:43.367297 [info] : oop!unknow header: User-Agent: Mozilla/5.0 (Windows NT 10.0; WOW64) AppleWebKit/537.36 (KHTML, like Gecko) Chrome/92.0.4515.131 Safari/537.36 SLBrowser/8.0.0.12022 SLBChan/103
2023-03-15 16:49:43.367302 [info] : oop!unknow header: Accept: text/html,application/xhtml+xml,application/xml;q=0.9,image/avif,image/webp,image/apng,*/*;q=0.8,application/signed-exchange;v=b3;q=0.9
2023-03-15 16:49:43.367307 [info] : oop!unknow header: Accept-Encoding: gzip, deflate
2023-03-15 16:49:43.367312 [info] : oop!unknow header: Accept-Language: zh-CN,zh;q=0.9
2023-03-15 16:49:43.367347 [info] : request:HTTP/1.1 200 OK

2023-03-15 16:49:43.367355 [info] : request:HTTP/1.1 200 OK
Content-Length: 392

2023-03-15 16:49:43.367370 [info] : request:HTTP/1.1 200 OK
Content-Length: 392
Content-Type:text/html

2023-03-15 16:49:43.367375 [info] : request:HTTP/1.1 200 OK
Content-Length: 392
Content-Type:text/html
Connection: keep-alive

2023-03-15 16:49:43.367379 [info] : request:HTTP/1.1 200 OK
Content-Length: 392
Content-Type:text/html
Connection: keep-alive


2023-03-15 16:49:43.367390 [info] : adjust timer once
2023-03-15 16:57:59.008963 [info] : ========== Server init ==========
2023-03-15 16:57:59.008995 [info] : Port:80
2023-03-15 16:57:59.009002 [info] : Listen Mode: LT, Conn Mode: ET
2023-03-15 16:57:59.009006 [info] : OPT LINGER: 优雅关闭
2023-03-15 16:57:59.009011 [info] : actor Mode: Reactor
2023-03-15 16:57:59.009077 [info] : ========== Server start ==========
2023-03-15 16:58:01.367314 [info] : adjust timer once
2023-03-15 16:58:01.367448 [info] : oop!unknow header: Cache-Control: max-age=0
2023-03-15 16:58:01.367470 [info] : oop!unknow header: Upgrade-Insecure-Requests: 1
2023-03-15 16:58:01.367477 [info] : oop!unknow header: User-Agent: Mozilla/5.0 (Windows NT 10.0; WOW64) AppleWebKit/537.36 (KHTML, like Gecko) Chrome/92.0.4515.131 Safari/537.36 SLBrowser/8.0.0.12022 SLBChan/103
2023-03-15 16:58:01.367482 [info] : oop!unknow header: Accept: text/html,application/xhtml+xml,application/xml;q=0.9,image/avif,image/webp,image/apng,*/*;q=0.8,application/signed-exchange;v=b3;q=0.9
2023-03-15 16:58:01.367487 [info] : oop!unknow header: Accept-Encoding: gzip, deflate
2023-03-15 16:58:01.367492 [info] : oop!unknow header: Accept-Language: zh-CN,zh;q=0.9
2023-03-15 16:58:01.367516 [info] : request:HTTP/1.1 200 OK

2023-03-15 16:58:01.367526 [info] : request:HTTP/1.1 200 OK
Content-Length: 392

2023-03-15 16:58:01.367531 [info] : request:HTTP/1.1 200 OK
Content-Length: 392
Content-Type:text/html

2023-03-15 16:58:01.367535 [info] : request:HTTP/1.1 200 OK
Content-Length: 392
Content-Type:text/html
Connection: keep-alive

2023-03-15 16:58:01.367540 [info] : request:HTTP/1.1 200 OK
Content-Length: 392
Content-Type:text/html
Connection: keep-alive


2023-03-15 16:58:01.367551 [info] : adjust timer once
2023-03-15 16:58:01.421382 [info] : adjust timer once
2023-03-15 16:58:01.421485 [info] : oop!unknow header: User-Agent: Mozilla/5.0 (Windows NT 10.0; WOW64) AppleWebKit/537.36 (KHTML, like Gecko) Chrome/92.0.4515.131 Safari/537.36 SLBrowser/8.0.0.12022 SLBChan/103
2023-03-15 16:58:01.421525 [info] : oop!unknow header: Accept: image/avif,image/webp,image/apng,image/svg+xml,image/*,*/*;q=0.8
2023-03-15 16:58:01.421535 [info] : oop!unknow header: Referer: http://8.134.116.70/index.html
2023-03-15 16:58:01.421545 [info] : oop!unknow header: Accept-Encoding: gzip, deflate
2023-03-15 16:58:01.421552 [info] : oop!unknow header: Accept-Language: zh-CN,zh;q=0.9
2023-03-15 16:58:01.421612 [info] : request:HTTP/1.1 200 OK

2023-03-15 16:58:01.421624 [info] : request:HTTP/1.1 200 OK
Content-Length: 36919

2023-03-15 16:58:01.421630 [info] : request:HTTP/1.1 200 OK
Content-Length: 36919
Content-Type:text/html

2023-03-15 16:58:01.421634 [info] : request:HTTP/1.1 200 OK
Content-Length: 36919
Content-Type:text/html
Connection: keep-alive

2023-03-15 16:58:01.421639 [info] : request:HTTP/1.1 200 OK
Content-Length: 36919
Content-Type:text/html
Connection: keep-alive


2023-03-15 16:58:01.421677 [info] : adjust timer once
2023-03-15 16:59:05.033930 [info] : ========== Server init ==========
2023-03-15 16:59:05.033961 [info] : Port:80
2023-03-15 16:59:05.033967 [info] : Listen Mode: LT, Conn Mode: ET
2023-03-15 16:59:05.033972 [info] : OPT LINGER: 优雅关闭
2023-03-15 16:59:05.033977 [info] : actor Mode: Reactor
2023-03-15 16:59:05.034034 [info] : ========== Server start ==========
2023-03-15 16:59:10.034084 [info] : timer tick
2023-03-15 16:59:11.347749 [info] : adjust timer once
2023-03-15 16:59:11.347911 [info] : oop!unknow header: Cache-Control: max-age=0
2023-03-15 16:59:11.347945 [info] : oop!unknow header: Upgrade-Insecure-Requests: 1
2023-03-15 16:59:11.347954 [info] : oop!unknow header: User-Agent: Mozilla/5.0 (Windows NT 10.0; WOW64) AppleWebKit/537.36 (KHTML, like Gecko) Chrome/92.0.4515.131 Safari/537.36 SLBrowser/8.0.0.12022 SLBChan/103
2023-03-15 16:59:11.347972 [info] : oop!unknow header: Accept: text/html,application/xhtml+xml,application/xml;q=0.9,image/avif,image/webp,image/apng,*/*;q=0.8,application/signed-exchange;v=b3;q=0.9
2023-03-15 16:59:11.347977 [info] : oop!unknow header: Accept-Encoding: gzip, deflate
2023-03-15 16:59:11.347982 [info] : oop!unknow header: Accept-Language: zh-CN,zh;q=0.9
2023-03-15 16:59:11.348018 [info] : request:HTTP/1.1 200 OK

2023-03-15 16:59:11.348023 [info] : request:HTTP/1.1 200 OK
Content-Length: 362

2023-03-15 16:59:11.348039 [info] : request:HTTP/1.1 200 OK
Content-Length: 362
Content-Type:text/html

2023-03-15 16:59:11.348045 [info] : request:HTTP/1.1 200 OK
Content-Length: 362
Content-Type:text/html
Connection: keep-alive

2023-03-15 16:59:11.348052 [info] : request:HTTP/1.1 200 OK
Content-Length: 362
Content-Type:text/html
Connection: keep-alive


2023-03-15 17:03:10.170890 [info] : ========== Server init ==========
2023-03-15 17:03:10.170918 [info] : Port:80
2023-03-15 17:03:10.170925 [info] : Listen Mode: LT, Conn Mode: ET
2023-03-15 17:03:10.170929 [info] : OPT LINGER: 优雅关闭
2023-03-15 17:03:10.170934 [info] : actor Mode: Reactor
2023-03-15 17:03:10.170993 [info] : ========== Server start ==========
2023-03-15 17:03:12.999909 [info] : adjust timer once
2023-03-15 17:03:13.000047 [info] : oop!unknow header: Cache-Control: max-age=0
2023-03-15 17:03:13.000067 [info] : oop!unknow header: Upgrade-Insecure-Requests: 1
2023-03-15 17:03:13.000075 [info] : oop!unknow header: User-Agent: Mozilla/5.0 (Windows NT 10.0; WOW64) AppleWebKit/537.36 (KHTML, like Gecko) Chrome/92.0.4515.131 Safari/537.36 SLBrowser/8.0.0.12022 SLBChan/103
2023-03-15 17:03:13.000082 [info] : oop!unknow header: Accept: text/html,application/xhtml+xml,application/xml;q=0.9,image/avif,image/webp,image/apng,*/*;q=0.8,application/signed-exchange;v=b3;q=0.9
2023-03-15 17:03:13.000092 [info] : oop!unknow header: Accept-Encoding: gzip, deflate
2023-03-15 17:03:13.000099 [info] : oop!unknow header: Accept-Language: zh-CN,zh;q=0.9
2023-03-15 17:03:13.000120 [info] : request:HTTP/1.1 200 OK

2023-03-15 17:03:13.000129 [info] : request:HTTP/1.1 200 OK
Content-Length: 392

2023-03-15 17:03:13.000134 [info] : request:HTTP/1.1 200 OK
Content-Length: 392
Content-Type:text/html

2023-03-15 17:03:13.000139 [info] : request:HTTP/1.1 200 OK
Content-Length: 392
Content-Type:text/html
Connection: keep-alive

2023-03-15 17:03:13.000144 [info] : request:HTTP/1.1 200 OK
Content-Length: 392
Content-Type:text/html
Connection: keep-alive


2023-03-15 17:03:13.000156 [info] : adjust timer once
2023-03-15 17:03:13.054397 [info] : adjust timer once
2023-03-15 17:03:13.054494 [info] : oop!unknow header: User-Agent: Mozilla/5.0 (Windows NT 10.0; WOW64) AppleWebKit/537.36 (KHTML, like Gecko) Chrome/92.0.4515.131 Safari/537.36 SLBrowser/8.0.0.12022 SLBChan/103
2023-03-15 17:03:13.054512 [info] : oop!unknow header: Accept: image/avif,image/webp,image/apng,image/svg+xml,image/*,*/*;q=0.8
2023-03-15 17:03:13.054517 [info] : oop!unknow header: Referer: http://8.134.116.70/index.html
2023-03-15 17:03:13.054522 [info] : oop!unknow header: Accept-Encoding: gzip, deflate
2023-03-15 17:03:13.054527 [info] : oop!unknow header: Accept-Language: zh-CN,zh;q=0.9
2023-03-15 17:03:13.054555 [info] : request:HTTP/1.1 200 OK

2023-03-15 17:03:13.054569 [info] : request:HTTP/1.1 200 OK
Content-Length: 36919

2023-03-15 17:03:13.054575 [info] : request:HTTP/1.1 200 OK
Content-Length: 36919
Content-Type:text/html

2023-03-15 17:03:13.054579 [info] : request:HTTP/1.1 200 OK
Content-Length: 36919
Content-Type:text/html
Connection: keep-alive

2023-03-15 17:03:13.054584 [info] : request:HTTP/1.1 200 OK
Content-Length: 36919
Content-Type:text/html
Connection: keep-alive


2023-03-15 17:03:13.054595 [info] : adjust timer once
2023-03-15 17:03:13.146910 [info] : adjust timer once
2023-03-15 17:03:13.147044 [info] : oop!unknow header: Pragma: no-cache
2023-03-15 17:03:13.147057 [info] : oop!unknow header: Cache-Control: no-cache
2023-03-15 17:03:13.147063 [info] : oop!unknow header: User-Agent: Mozilla/5.0 (Windows NT 10.0; WOW64) AppleWebKit/537.36 (KHTML, like Gecko) Chrome/92.0.4515.131 Safari/537.36 SLBrowser/8.0.0.12022 SLBChan/103
2023-03-15 17:03:13.147067 [info] : oop!unknow header: Accept: image/avif,image/webp,image/apng,image/svg+xml,image/*,*/*;q=0.8
2023-03-15 17:03:13.147072 [info] : oop!unknow header: Referer: http://8.134.116.70/index.html
2023-03-15 17:03:13.147076 [info] : oop!unknow header: Accept-Encoding: gzip, deflate
2023-03-15 17:03:13.147080 [info] : oop!unknow header: Accept-Language: zh-CN,zh;q=0.9
2023-03-15 17:03:13.147095 [info] : request:HTTP/1.1 404 Not Found

2023-03-15 17:03:13.147103 [info] : request:HTTP/1.1 404 Not Found
Content-Length: 49

2023-03-15 17:03:13.147107 [info] : request:HTTP/1.1 404 Not Found
Content-Length: 49
Content-Type:text/html

2023-03-15 17:03:13.147112 [info] : request:HTTP/1.1 404 Not Found
Content-Length: 49
Content-Type:text/html
Connection: keep-alive

2023-03-15 17:03:13.147116 [info] : request:HTTP/1.1 404 Not Found
Content-Length: 49
Content-Type:text/html
Connection: keep-alive


2023-03-15 17:03:13.147120 [info] : request:HTTP/1.1 404 Not Found
Content-Length: 49
Content-Type:text/html
Connection: keep-alive

The requested file was not found on this server.

2023-03-15 17:03:13.147132 [info] : adjust timer once
2023-03-15 17:03:13.700174 [info] : adjust timer once
2023-03-15 17:03:13.700286 [info] : oop!unknow header: Cache-Control: max-age=0
2023-03-15 17:03:13.700296 [info] : oop!unknow header: Upgrade-Insecure-Requests: 1
2023-03-15 17:03:13.700301 [info] : oop!unknow header: User-Agent: Mozilla/5.0 (Windows NT 10.0; WOW64) AppleWebKit/537.36 (KHTML, like Gecko) Chrome/92.0.4515.131 Safari/537.36 SLBrowser/8.0.0.12022 SLBChan/103
2023-03-15 17:03:13.700306 [info] : oop!unknow header: Accept: text/html,application/xhtml+xml,application/xml;q=0.9,image/avif,image/webp,image/apng,*/*;q=0.8,application/signed-exchange;v=b3;q=0.9
2023-03-15 17:03:13.700311 [info] : oop!unknow header: Accept-Encoding: gzip, deflate
2023-03-15 17:03:13.700316 [info] : oop!unknow header: Accept-Language: zh-CN,zh;q=0.9
2023-03-15 17:03:13.700337 [info] : request:HTTP/1.1 200 OK

2023-03-15 17:03:13.700346 [info] : request:HTTP/1.1 200 OK
Content-Length: 392

2023-03-15 17:03:13.700351 [info] : request:HTTP/1.1 200 OK
Content-Length: 392
Content-Type:text/html

2023-03-15 17:03:13.700355 [info] : request:HTTP/1.1 200 OK
Content-Length: 392
Content-Type:text/html
Connection: keep-alive

2023-03-15 17:03:13.700360 [info] : request:HTTP/1.1 200 OK
Content-Length: 392
Content-Type:text/html
Connection: keep-alive


2023-03-15 17:03:13.700369 [info] : adjust timer once
2023-03-15 17:03:13.746037 [info] : adjust timer once
2023-03-15 17:03:13.746172 [info] : oop!unknow header: User-Agent: Mozilla/5.0 (Windows NT 10.0; WOW64) AppleWebKit/537.36 (KHTML, like Gecko) Chrome/92.0.4515.131 Safari/537.36 SLBrowser/8.0.0.12022 SLBChan/103
2023-03-15 17:03:13.746186 [info] : oop!unknow header: Accept: image/avif,image/webp,image/apng,image/svg+xml,image/*,*/*;q=0.8
2023-03-15 17:03:13.746191 [info] : oop!unknow header: Referer: http://8.134.116.70/index.html
2023-03-15 17:03:13.746196 [info] : oop!unknow header: Accept-Encoding: gzip, deflate
2023-03-15 17:03:13.746201 [info] : oop!unknow header: Accept-Language: zh-CN,zh;q=0.9
2023-03-15 17:03:13.746219 [info] : request:HTTP/1.1 200 OK

2023-03-15 17:03:13.746231 [info] : request:HTTP/1.1 200 OK
Content-Length: 36919

2023-03-15 17:03:13.746238 [info] : request:HTTP/1.1 200 OK
Content-Length: 36919
Content-Type:text/html

2023-03-15 17:03:13.746244 [info] : request:HTTP/1.1 200 OK
Content-Length: 36919
Content-Type:text/html
Connection: keep-alive

2023-03-15 17:03:13.746251 [info] : request:HTTP/1.1 200 OK
Content-Length: 36919
Content-Type:text/html
Connection: keep-alive


2023-03-15 17:03:13.746275 [info] : adjust timer once
2023-03-15 17:03:15.171041 [info] : timer tick
2023-03-15 17:03:15.562972 [info] : adjust timer once
2023-03-15 17:03:15.563086 [info] : oop!unknow header: Cache-Control: max-age=0
2023-03-15 17:03:15.563107 [info] : oop!unknow header: Upgrade-Insecure-Requests: 1
2023-03-15 17:03:15.563112 [info] : oop!unknow header: User-Agent: Mozilla/5.0 (Windows NT 10.0; WOW64) AppleWebKit/537.36 (KHTML, like Gecko) Chrome/92.0.4515.131 Safari/537.36 SLBrowser/8.0.0.12022 SLBChan/103
2023-03-15 17:03:15.563117 [info] : oop!unknow header: Accept: text/html,application/xhtml+xml,application/xml;q=0.9,image/avif,image/webp,image/apng,*/*;q=0.8,application/signed-exchange;v=b3;q=0.9
2023-03-15 17:03:15.563121 [info] : oop!unknow header: Accept-Encoding: gzip, deflate
2023-03-15 17:03:15.563126 [info] : oop!unknow header: Accept-Language: zh-CN,zh;q=0.9
2023-03-15 17:03:15.563148 [info] : request:HTTP/1.1 200 OK

2023-03-15 17:03:15.563157 [info] : request:HTTP/1.1 200 OK
Content-Length: 392

2023-03-15 17:03:15.563162 [info] : request:HTTP/1.1 200 OK
Content-Length: 392
Content-Type:text/html

2023-03-15 17:03:15.563166 [info] : request:HTTP/1.1 200 OK
Content-Length: 392
Content-Type:text/html
Connection: keep-alive

2023-03-15 17:03:15.563171 [info] : request:HTTP/1.1 200 OK
Content-Length: 392
Content-Type:text/html
Connection: keep-alive


2023-03-15 17:03:15.563182 [info] : adjust timer once
2023-03-15 17:03:15.611986 [info] : adjust timer once
2023-03-15 17:03:15.612106 [info] : oop!unknow header: User-Agent: Mozilla/5.0 (Windows NT 10.0; WOW64) AppleWebKit/537.36 (KHTML, like Gecko) Chrome/92.0.4515.131 Safari/537.36 SLBrowser/8.0.0.12022 SLBChan/103
2023-03-15 17:03:15.612125 [info] : oop!unknow header: Accept: image/avif,image/webp,image/apng,image/svg+xml,image/*,*/*;q=0.8
2023-03-15 17:03:15.612131 [info] : oop!unknow header: Referer: http://8.134.116.70/index.html
2023-03-15 17:03:15.612136 [info] : oop!unknow header: Accept-Encoding: gzip, deflate
2023-03-15 17:03:15.612141 [info] : oop!unknow header: Accept-Language: zh-CN,zh;q=0.9
2023-03-15 17:03:15.612163 [info] : request:HTTP/1.1 200 OK

2023-03-15 17:03:15.612172 [info] : request:HTTP/1.1 200 OK
Content-Length: 36919

2023-03-15 17:03:15.612178 [info] : request:HTTP/1.1 200 OK
Content-Length: 36919
Content-Type:text/html

2023-03-15 17:03:15.612182 [info] : request:HTTP/1.1 200 OK
Content-Length: 36919
Content-Type:text/html
Connection: keep-alive

2023-03-15 17:03:15.612188 [info] : request:HTTP/1.1 200 OK
Content-Length: 36919
Content-Type:text/html
Connection: keep-alive


2023-03-15 17:03:15.612207 [info] : adjust timer once
2023-03-15 17:03:20.171146 [info] : timer tick
2023-03-15 17:03:24.240257 [info] : adjust timer once
2023-03-15 17:03:24.240402 [info] : oop!unknow header: Upgrade-Insecure-Requests: 1
2023-03-15 17:03:24.240421 [info] : oop!unknow header: User-Agent: Mozilla/5.0 (Windows NT 10.0; WOW64) AppleWebKit/537.36 (KHTML, like Gecko) Chrome/92.0.4515.131 Safari/537.36 SLBrowser/8.0.0.12022 SLBChan/103
2023-03-15 17:03:24.240427 [info] : oop!unknow header: Accept: text/html,application/xhtml+xml,application/xml;q=0.9,image/avif,image/webp,image/apng,*/*;q=0.8,application/signed-exchange;v=b3;q=0.9
2023-03-15 17:03:24.240432 [info] : oop!unknow header: Accept-Encoding: gzip, deflate
2023-03-15 17:03:24.240439 [info] : oop!unknow header: Accept-Language: zh-CN,zh;q=0.9
2023-03-15 17:03:24.240477 [info] : request:HTTP/1.1 200 OK

2023-03-15 17:03:24.240488 [info] : request:HTTP/1.1 200 OK
Content-Length: 362

2023-03-15 17:03:24.240493 [info] : request:HTTP/1.1 200 OK
Content-Length: 362
Content-Type:text/html

2023-03-15 17:03:24.240497 [info] : request:HTTP/1.1 200 OK
Content-Length: 362
Content-Type:text/html
Connection: keep-alive

2023-03-15 17:03:24.240502 [info] : request:HTTP/1.1 200 OK
Content-Length: 362
Content-Type:text/html
Connection: keep-alive


2023-03-15 17:03:24.240514 [info] : adjust timer once
